2024-06-08 14:17:59 info [club-manager] | Example app listening on port 3000
2024-06-08 14:19:14 info [club-manager] | Example app listening on port 3000
2024-06-08 14:30:02 info [club-manager] | Example app listening on port 3000
2024-06-08 14:31:14 info [club-manager] | undefined
2024-06-08 14:31:22 info [club-manager] | Example app listening on port 3000
2024-06-08 14:34:16 info [club-manager] | Example app listening on port 3000
2024-06-08 14:34:24 info [club-manager] | undefined
2024-06-08 14:35:50 info [club-manager] | undefined
2024-06-08 14:35:58 info [club-manager] | Example app listening on port 3000
2024-06-08 14:36:00 info [club-manager] | [object Object]
2024-06-08 14:41:38 info [club-manager] | Example app listening on port 3000
2024-06-08 14:48:08 info [club-manager] | Example app listening on port 3000
2024-06-08 14:48:15 info [club-manager] | [object Object]
2024-06-08 14:48:29 info [club-manager] | Example app listening on port 3000
2024-06-08 14:48:31 info [club-manager] | [object Object]
2024-06-08 14:48:53 info [club-manager] | Example app listening on port 3000
2024-06-08 14:48:55 info [club-manager] | [object Object]
2024-06-08 14:48:59 info [club-manager] | Example app listening on port 3000
2024-06-08 14:49:25 info [club-manager] | Example app listening on port 3000
2024-06-08 14:49:28 info [club-manager] | [object Object]
2024-06-08 14:52:11 info [club-manager] | Example app listening on port 3000
2024-06-08 14:52:13 info [club-manager] | User created
2024-06-08 14:55:09 info [club-manager] | Example app listening on port 3000
2024-06-08 14:55:11 info [club-manager] | User created
2024-06-08 14:55:23 info [club-manager] | Example app listening on port 3000
2024-06-08 15:00:38 info [club-manager] | Example app listening on port 3000
2024-06-08 15:00:40 info [club-manager] | User created
2024-06-08 15:00:56 info [club-manager] | Example app listening on port 3000
2024-06-08 15:00:57 info [club-manager] | User created
2024-06-08 15:06:54 info [club-manager] | Example app listening on port 3000
2024-06-08 15:08:01 info [club-manager] | User created
2024-06-08 15:08:20 info [club-manager] | Example app listening on port 3000
2024-06-08 15:08:26 info [club-manager] | User created
2024-06-08 15:08:44 info [club-manager] | Example app listening on port 3000 [object Object]
2024-06-08 15:10:03 info [club-manager] | User created [object Object]
2024-06-08 15:11:08 info [club-manager] | Example app listening on port 3000 {}
2024-06-08 15:11:11 info [club-manager] | User created { test: true }
2024-06-08 15:11:25 info [club-manager] | Example app listening on port 3000
2024-06-08 15:11:28 info [club-manager] | User created
2024-06-08 15:11:39 info [club-manager] | Example app listening on port 3000
2024-06-08 15:14:02 info [club-manager] | User created
2024-06-08 15:14:15 info [club-manager] | Example app listening on port 3000
2024-06-08 15:23:48 info [club-manager] | Example app listening on port 3000 {}
2024-06-08 15:23:54 info [club-manager] | User created { test: true }
2024-06-08 15:24:05 info [club-manager] | Example app listening on port 3000
2024-06-08 15:25:54 info [club-manager] | User created
2024-06-08 15:28:17 info [club-manager] | Example app listening on port 3000 {}
2024-06-08 15:29:19 info [club-manager] | User created { test: true }
2024-06-08 15:30:10 info [club-manager] | Example app listening on port 3000 {}
2024-06-08 15:30:16 info [club-manager] | User created { test: true }
2024-06-08 15:34:24 info [club-manager] | Example app listening on port 3000
2024-06-08 15:34:29 info [club-manager] | User created
2024-06-08 15:36:54 info [club-manager] | Example app listening on port 3000
2024-06-08 15:37:28 info [club-manager] | Example app listening on port 3000
2024-06-08 15:41:17 info [club-manager] | Example app listening on port 3000
2024-06-08 15:41:20 info [club-manager] | User created
2024-06-08 15:41:30 info [club-manager] | Example app listening on port 3000
2024-06-08 15:41:36 info [club-manager] | Example app listening on port 3000
2024-06-08 15:45:52 info [club-manager] | Example app listening on port 3000
2024-06-10 08:21:28 info [club-manager] | Example app listening on port 3000
2024-06-10 08:31:29 info [club-manager] | Example app listening on port 3000
2024-06-10 08:44:58 info [club-manager] | Example app listening on port 3000
2024-06-10 08:45:48 info [club-manager] | Example app listening on port 3000
2024-06-10 08:46:26 info [club-manager] | Example app listening on port 3000
2024-06-10 08:46:33 info [club-manager] | Example app listening on port 3000
2024-06-10 08:46:57 info [club-manager] | Example app listening on port 3000
2024-06-10 08:49:08 info [club-manager] | Example app listening on port 3000
2024-06-10 08:49:17 info [club-manager] | Example app listening on port 3000
2024-06-10 08:49:54 info [club-manager] | Example app listening on port 3000
2024-06-10 08:50:14 info [club-manager] | Example app listening on port 3000
2024-06-10 08:50:30 info [club-manager] | Example app listening on port 3000
2024-06-10 08:50:33 error [club-manager] | Unable to retrieve user :b24f9fb6-4374-4c86-bdab-b33c6076e99b. User is not a constructor
2024-06-10 08:51:44 info [club-manager] | Example app listening on port 3000
2024-06-10 08:52:36 info [club-manager] | Example app listening on port 3000
2024-06-10 08:52:39 error [club-manager] | Unable to retrieve user :b24f9fb6-4374-4c86-bdab-b33c6076e99b. Unable to retrieve database conection
2024-06-10 08:53:27 info [club-manager] | Example app listening on port 3000
2024-06-10 08:53:29 error [club-manager] | Unable to retrieve user :b24f9fb6-4374-4c86-bdab-b33c6076e99b. Unable to retrieve database conection
2024-06-10 08:54:41 info [club-manager] | Example app listening on port 3000
2024-06-10 08:54:45 error [club-manager] | Unable to retrieve user :b24f9fb6-4374-4c86-bdab-b33c6076e99b. Unable to retrieve database conection
2024-06-10 08:56:57 info [club-manager] | Example app listening on port 3000
2024-06-10 08:57:20 info [club-manager] | Example app listening on port 3000
2024-06-10 08:58:09 info [club-manager] | Example app listening on port 3000
2024-06-10 08:59:15 info [club-manager] | Example app listening on port 3000
2024-06-10 08:59:24 error [club-manager] | Unable to retrieve user :b24f9fb6-4374-4c86-bdab-b33c6076e99b. Cannot create property 'id' on string ':b24f9fb6-4374-4c86-bdab-b33c6076e99b'
2024-06-10 08:59:50 info [club-manager] | Example app listening on port 3000
2024-06-10 09:00:32 info [club-manager] | Example app listening on port 3000
2024-06-10 09:00:37 error [club-manager] | Unable to retrieve user :b24f9fb6-4374-4c86-bdab-b33c6076e99b. user.getUser is not a function
2024-06-10 09:01:09 info [club-manager] | Example app listening on port 3000
2024-06-10 09:01:21 error [club-manager] | Unable to retrieve user :b24f9fb6-4374-4c86-bdab-b33c6076e99b. Cannot read properties of undefined (reading 'getById')
2024-06-10 09:02:51 info [club-manager] | Example app listening on port 3000
2024-06-10 09:03:17 info [club-manager] | Example app listening on port 3000
2024-06-10 09:03:22 error [club-manager] | Unable to retrieve user :b24f9fb6-4374-4c86-bdab-b33c6076e99b. Cannot read properties of undefined (reading 'getById')
2024-06-10 09:06:27 info [club-manager] | Example app listening on port 3000
2024-06-10 09:07:09 info [club-manager] | Example app listening on port 3000
2024-06-10 09:07:53 info [club-manager] | Example app listening on port 3000
2024-06-10 09:08:36 error [club-manager] | Unable to retrieve user :b24f9fb6-4374-4c86-bdab-b33c6076e99b. Cannot read properties of undefined (reading 'getById')
2024-06-10 09:09:35 info [club-manager] | Example app listening on port 3000
2024-06-10 09:10:13 error [club-manager] | Unable to retrieve user :b24f9fb6-4374-4c86-bdab-b33c6076e99b. User with id :b24f9fb6-4374-4c86-bdab-b33c6076e99b not found
2024-06-10 09:11:41 info [club-manager] | Example app listening on port 3000
2024-06-10 09:11:43 error [club-manager] | Unable to retrieve user :b24f9fb6-4374-4c86-bdab-b33c6076e99b. select * from "users" where "id" = $1 limit $2 - invalid input syntax for type uuid: ":b24f9fb6-4374-4c86-bdab-b33c6076e99b"
2024-06-10 09:14:20 info [club-manager] | Example app listening on port 3000
2024-06-10 09:14:23 error [club-manager] | Unable to retrieve user b24f9fb6-4374-4c86-bdab-b33c6076e99b. User with id b24f9fb6-4374-4c86-bdab-b33c6076e99b not found
2024-06-10 09:18:04 info [club-manager] | Example app listening on port 3000
2024-06-10 09:18:06 error [club-manager] | Unable to retrieve user b24f9fb6-4374-4c86-bdab-b33c6076e99b. select * from "usersa" where "id" = $1 limit $2 - relation "usersa" does not exist
2024-06-10 09:18:21 info [club-manager] | Example app listening on port 3000
2024-06-10 09:18:22 error [club-manager] | Unable to retrieve user b24f9fb6-4374-4c86-bdab-b33c6076e99b. User with id b24f9fb6-4374-4c86-bdab-b33c6076e99b not found
2024-06-10 09:19:08 info [club-manager] | Example app listening on port 3000
2024-06-10 09:19:11 error [club-manager] | Unable to retrieve user b24f9fb6-4374-4c86-bdab-b33c6076e99b. User with id b24f9fb6-4374-4c86-bdab-b33c6076e99b not found
2024-06-10 09:22:30 info [club-manager] | Example app listening on port 3000
2024-06-10 09:24:21 info [club-manager] | Example app listening on port 3000
2024-06-10 09:24:41 info [club-manager] | Example app listening on port 3000
2024-06-10 09:27:07 info [club-manager] | Example app listening on port 3000
2024-06-10 09:27:46 info [club-manager] | Example app listening on port 3000
2024-06-10 09:28:20 info [club-manager] | Example app listening on port 3000
2024-06-10 09:28:24 info [club-manager] | [object Object]
2024-06-10 09:28:35 info [club-manager] | Example app listening on port 3000
2024-06-10 09:28:39 info [club-manager] | Example app listening on port 3000
2024-06-10 09:28:43 info [club-manager] | Example app listening on port 3000
